This is XeTeX, Version 3.141592653-2.6-0.999993 (TeX Live 2022/dev/Debian) (preloaded format=xelatex 2025.11.22)  22 NOV 2025 17:29
entering extended mode
 restricted \write18 enabled.
 %&-line parsing enabled.
**2025_11_22_9629766d565b25ccbdecg.tex
(./2025_11_22_9629766d565b25ccbdecg.tex
LaTeX2e <2021-11-15> patch level 1
L3 programming layer <2022-01-21>
(/usr/share/texlive/texmf-dist/tex/latex/base/article.cls
Document Class: article 2021/10/04 v1.4n Standard LaTeX document class
(/usr/share/texlive/texmf-dist/tex/latex/base/size10.clo
File: size10.clo 2021/10/04 v1.4n Standard LaTeX file (size option)
)
\c@part=\count181
\c@section=\count182
\c@subsection=\count183
\c@subsubsection=\count184
\c@paragraph=\count185
\c@subparagraph=\count186
\c@figure=\count187
\c@table=\count188
\abovecaptionskip=\skip47
\belowcaptionskip=\skip48
\bibindent=\dimen138
)
(/usr/share/texlive/texmf-dist/tex/latex/base/inputenc.sty
Package: inputenc 2021/02/14 v1.3d Input encoding file
\inpenc@prehook=\toks16
\inpenc@posthook=\toks17


Package inputenc Warning: inputenc package ignored with utf8 based engines.

) (/usr/share/texlive/texmf-dist/tex/xelatex/ucharclasses/ucharclasses.sty
Package: ucharclasses 2021/02/16 v2.4.0 Unicode block character classes for XeL
aTeX

(/usr/share/texlive/texmf-dist/tex/generic/iftex/ifxetex.sty
Package: ifxetex 2019/10/25 v0.7 ifxetex legacy package. Use iftex instead.

(/usr/share/texlive/texmf-dist/tex/generic/iftex/iftex.sty
Package: iftex 2020/03/06 v1.0d TeX engine tests
))
\AegeanNumbersClass=\XeTeXcharclass1
\AlphabeticPresentationFormsClass=\XeTeXcharclass2
\AncientGreekMusicalNotationClass=\XeTeXcharclass3
\AncientGreekNumbersClass=\XeTeXcharclass4
\AncientSymbolsClass=\XeTeXcharclass5
\ArabicClass=\XeTeXcharclass6
\ArabicPresentationFormsAClass=\XeTeXcharclass7
\ArabicPresentationFormsBClass=\XeTeXcharclass8
\ArabicSupplementClass=\XeTeXcharclass9
\ArmenianClass=\XeTeXcharclass10
\ArrowsClass=\XeTeXcharclass11
\BalineseClass=\XeTeXcharclass12
\BasicLatinClass=\XeTeXcharclass13
\BengaliClass=\XeTeXcharclass14
\BlockElementsClass=\XeTeXcharclass15
\BopomofoClass=\XeTeXcharclass16
\BopomofoExtendedClass=\XeTeXcharclass17
\BoxDrawingClass=\XeTeXcharclass18
\BraillePatternsClass=\XeTeXcharclass19
\BugineseClass=\XeTeXcharclass20
\BuhidClass=\XeTeXcharclass21
\ByzantineMusicalSymbolsClass=\XeTeXcharclass22
\ChamClass=\XeTeXcharclass23
\CherokeeClass=\XeTeXcharclass24
\CJKCompatibilityClass=\XeTeXcharclass25
\CJKCompatibilityFormsClass=\XeTeXcharclass26
\CJKCompatibilityIdeographsClass=\XeTeXcharclass27
\CJKCompatibilityIdeographsSupplementClass=\XeTeXcharclass28
\CJKRadicalsSupplementClass=\XeTeXcharclass29
\CJKStrokesClass=\XeTeXcharclass30
\CJKSymbolsAndPunctuationClass=\XeTeXcharclass31
\CJKUnifiedIdeographsClass=\XeTeXcharclass32
\CJKUnifiedIdeographsExtensionAClass=\XeTeXcharclass33
\CJKUnifiedIdeographsExtensionBClass=\XeTeXcharclass34
\CombiningDiacriticalMarksClass=\XeTeXcharclass35
\CombiningDiacriticalMarksForSymbolsClass=\XeTeXcharclass36
\CombiningDiacriticalMarksSupplementClass=\XeTeXcharclass37
\CombiningHalfMarksClass=\XeTeXcharclass38
\ControlPicturesClass=\XeTeXcharclass39
\CopticClass=\XeTeXcharclass40
\CountingRodNumeralsClass=\XeTeXcharclass41
\CuneiformClass=\XeTeXcharclass42
\CuneiformNumbersAndPunctuationClass=\XeTeXcharclass43
\CurrencySymbolsClass=\XeTeXcharclass44
\CypriotSyllabaryClass=\XeTeXcharclass45
\CyrillicClass=\XeTeXcharclass46
\CyrillicExtendedAClass=\XeTeXcharclass47
\CyrillicExtendedBClass=\XeTeXcharclass48
\CyrillicSupplementClass=\XeTeXcharclass49
\DeseretClass=\XeTeXcharclass50
\DevanagariDanDaClass=\XeTeXcharclass51
\DevanagariMarksClass=\XeTeXcharclass52
\DevanagariPostDanDaClass=\XeTeXcharclass53
\DevanagariPostMarksClass=\XeTeXcharclass54
\DevanagariPreMarksClass=\XeTeXcharclass55
\DingbatsClass=\XeTeXcharclass56
\DominoTilesClass=\XeTeXcharclass57
\EnclosedAlphanumericsClass=\XeTeXcharclass58
\EnclosedCJKLettersAndMonthsClass=\XeTeXcharclass59
\EthiopicClass=\XeTeXcharclass60
\EthiopicExtendedClass=\XeTeXcharclass61
\EthiopicSupplementClass=\XeTeXcharclass62
\GeneralPunctuationClass=\XeTeXcharclass63
\GeometricShapesClass=\XeTeXcharclass64
\GeorgianClass=\XeTeXcharclass65
\GeorgianSupplementClass=\XeTeXcharclass66
\GlagoliticClass=\XeTeXcharclass67
\GothicClass=\XeTeXcharclass68
\GreekAndCopticClass=\XeTeXcharclass69
\GreekExtendedClass=\XeTeXcharclass70
\GujaratiClass=\XeTeXcharclass71
\GurmukhiClass=\XeTeXcharclass72
\HalfwidthAndFullwidthFormsClass=\XeTeXcharclass73
\HangulCompatibilityJamoClass=\XeTeXcharclass74
\HangulJamoClass=\XeTeXcharclass75
\HangulSyllablesClass=\XeTeXcharclass76
\HanunooClass=\XeTeXcharclass77
\HebrewClass=\XeTeXcharclass78
\HiraganaClass=\XeTeXcharclass79
\IdeographicDescriptionCharactersClass=\XeTeXcharclass80
\IPAExtensionsClass=\XeTeXcharclass81
\KanbunClass=\XeTeXcharclass82
\KangxiRadicalsClass=\XeTeXcharclass83
\KannadaClass=\XeTeXcharclass84
\KatakanaClass=\XeTeXcharclass85
\KatakanaPhoneticExtensionsClass=\XeTeXcharclass86
\KayahLiClass=\XeTeXcharclass87
\KharoshthiClass=\XeTeXcharclass88
\KhmerClass=\XeTeXcharclass89
\KhmerSymbolsClass=\XeTeXcharclass90
\LaoClass=\XeTeXcharclass91
\LatinExtendedAdditionalClass=\XeTeXcharclass92
\LatinExtendedAClass=\XeTeXcharclass93
\LatinExtendedBClass=\XeTeXcharclass94
\LatinExtendedCClass=\XeTeXcharclass95
\LatinExtendedDClass=\XeTeXcharclass96
\LatinSupplementClass=\XeTeXcharclass97
\LepchaClass=\XeTeXcharclass98
\LetterlikeSymbolsClass=\XeTeXcharclass99
\LimbuClass=\XeTeXcharclass100
\LinearBIdeogramsClass=\XeTeXcharclass101
\LinearBSyllabaryClass=\XeTeXcharclass102
\LycianClass=\XeTeXcharclass103
\LydianClass=\XeTeXcharclass104
\MahjongTilesClass=\XeTeXcharclass105
\MalayalamClass=\XeTeXcharclass106
\MathematicalAlphanumericSymbolsClass=\XeTeXcharclass107
\MathematicalOperatorsClass=\XeTeXcharclass108
\MiscellaneousMathematicalSymbolsAClass=\XeTeXcharclass109
\MiscellaneousMathematicalSymbolsBClass=\XeTeXcharclass110
\MiscellaneousSymbolsClass=\XeTeXcharclass111
\MiscellaneousSymbolsAndArrowsClass=\XeTeXcharclass112
\MiscellaneousTechnicalClass=\XeTeXcharclass113
\ModifierToneLettersClass=\XeTeXcharclass114
\MongolianClass=\XeTeXcharclass115
\MusicalSymbolsClass=\XeTeXcharclass116
\MyanmarClass=\XeTeXcharclass117
\NewTaiLueClass=\XeTeXcharclass118
\NKoClass=\XeTeXcharclass119
\NumberFormsClass=\XeTeXcharclass120
\OghamClass=\XeTeXcharclass121
\OlChikiClass=\XeTeXcharclass122
\OldPersianClass=\XeTeXcharclass123
\OpticalCharacterRecognitionClass=\XeTeXcharclass124
\OriyaClass=\XeTeXcharclass125
\OsmanyaClass=\XeTeXcharclass126
\PhagsPaClass=\XeTeXcharclass127
\PhoenicianClass=\XeTeXcharclass128
\PhoneticExtensionsClass=\XeTeXcharclass129
\PhoneticExtensionsSupplementClass=\XeTeXcharclass130
\PrivateUseAreaClass=\XeTeXcharclass131
\RejangClass=\XeTeXcharclass132
\RunicClass=\XeTeXcharclass133
\SaurashtraClass=\XeTeXcharclass134
\ShavianClass=\XeTeXcharclass135
\SinhalaClass=\XeTeXcharclass136
\SmallFormVariantsClass=\XeTeXcharclass137
\SpacingModifierLettersClass=\XeTeXcharclass138
\SundaneseClass=\XeTeXcharclass139
\SuperscriptsAndSubscriptsClass=\XeTeXcharclass140
\SupplementalArrowsAClass=\XeTeXcharclass141
\SupplementalArrowsBClass=\XeTeXcharclass142
\SupplementalMathematicalOperatorsClass=\XeTeXcharclass143
\SupplementalPunctuationClass=\XeTeXcharclass144
\SylotiNagriClass=\XeTeXcharclass145
\SyriacClass=\XeTeXcharclass146
\TagalogClass=\XeTeXcharclass147
\TagbanwaClass=\XeTeXcharclass148
\TagsClass=\XeTeXcharclass149
\TaiLeClass=\XeTeXcharclass150
\TaiXuanJingSymbolsClass=\XeTeXcharclass151
\TamilClass=\XeTeXcharclass152
\TeluguClass=\XeTeXcharclass153
\ThaanaClass=\XeTeXcharclass154
\ThaiClass=\XeTeXcharclass155
\TibetanClass=\XeTeXcharclass156
\TifinaghClass=\XeTeXcharclass157
\UgariticClass=\XeTeXcharclass158
\UnifiedCanadianAboriginalSyllabicsClass=\XeTeXcharclass159
\VaiClass=\XeTeXcharclass160
\VerticalFormsClass=\XeTeXcharclass161
\YiRadicalsClass=\XeTeXcharclass162
\YiSyllablesClass=\XeTeXcharclass163
\YijingHexagramSymbolsClass=\XeTeXcharclass164
\AvestanClass=\XeTeXcharclass165
\BamumClass=\XeTeXcharclass166
\CJKUnifiedIdeographsExtensionCClass=\XeTeXcharclass167
\CommonIndicNumberFormsClass=\XeTeXcharclass168
\DevanagariExtendedClass=\XeTeXcharclass169
\EgyptianHieroglyphsClass=\XeTeXcharclass170
\EnclosedAlphanumericSupplementClass=\XeTeXcharclass171
\EnclosedIdeographicSupplementClass=\XeTeXcharclass172
\HangulJamoExtendedAClass=\XeTeXcharclass173
\HangulJamoExtendedBClass=\XeTeXcharclass174
\ImperialAramaicClass=\XeTeXcharclass175
\InscriptionalPahlaviClass=\XeTeXcharclass176
\InscriptionalParthianClass=\XeTeXcharclass177
\JavaneseClass=\XeTeXcharclass178
\KaithiClass=\XeTeXcharclass179
\LisuClass=\XeTeXcharclass180
\MeeteiMayekClass=\XeTeXcharclass181
\MyanmarExtendedAClass=\XeTeXcharclass182
\RumiNumeralSymbolsClass=\XeTeXcharclass183
\SamaritanClass=\XeTeXcharclass184
\TaiThamClass=\XeTeXcharclass185
\TaiVietClass=\XeTeXcharclass186
\UnifiedCanadianAboriginalSyllabicsExtendedClass=\XeTeXcharclass187
\VedicExtensionsClass=\XeTeXcharclass188
\AlchemicalSymbolsClass=\XeTeXcharclass189
\BamumSupplementClass=\XeTeXcharclass190
\BatakClass=\XeTeXcharclass191
\BrahmiClass=\XeTeXcharclass192
\CJKUnifiedIdeographsExtensionDClass=\XeTeXcharclass193
\EmoticonsClass=\XeTeXcharclass194
\EthiopicExtendedAClass=\XeTeXcharclass195
\KanaSupplementClass=\XeTeXcharclass196
\MandaicClass=\XeTeXcharclass197
\MiscellaneousSymbolsAndPictographsClass=\XeTeXcharclass198
\PlayingCardsClass=\XeTeXcharclass199
\TransportAndMapSymbolsClass=\XeTeXcharclass200
\ArabicExtendedAClass=\XeTeXcharclass201
\ArabicMathematicalAlphabeticSymbolsClass=\XeTeXcharclass202
\ChakmaClass=\XeTeXcharclass203
\MeeteiMayekExtensionsClass=\XeTeXcharclass204
\MeroiticCursiveClass=\XeTeXcharclass205
\MeroiticHieroglyphsClass=\XeTeXcharclass206
\MiaoClass=\XeTeXcharclass207
\SharadaClass=\XeTeXcharclass208
\SoraSompengClass=\XeTeXcharclass209
\SundaneseSupplementClass=\XeTeXcharclass210
\TakriClass=\XeTeXcharclass211
\BassaVahClass=\XeTeXcharclass212
\CaucasianAlbanianClass=\XeTeXcharclass213
\CombiningDiacriticalMarksExtendedClass=\XeTeXcharclass214
\CopticEpactNumbersClass=\XeTeXcharclass215
\ElbasanClass=\XeTeXcharclass216
\GeometricShapesExtendedClass=\XeTeXcharclass217
\GranthaClass=\XeTeXcharclass218
\KhojkiClass=\XeTeXcharclass219
\KhudawadiClass=\XeTeXcharclass220
\LatinExtendedEClass=\XeTeXcharclass221
\LinearAClass=\XeTeXcharclass222
\MahajaniClass=\XeTeXcharclass223
\ManichaeanClass=\XeTeXcharclass224
\MendeKikakuiClass=\XeTeXcharclass225
\ModiClass=\XeTeXcharclass226
\MroClass=\XeTeXcharclass227
\MyanmarExtendedBClass=\XeTeXcharclass228
\NabataeanClass=\XeTeXcharclass229
\OldPermicClass=\XeTeXcharclass230
\OrnamentalDingbatsClass=\XeTeXcharclass231
\PahawhHmongClass=\XeTeXcharclass232
\PalmyreneClass=\XeTeXcharclass233
\PauCinHauClass=\XeTeXcharclass234
\PsalterPahlaviClass=\XeTeXcharclass235
\SiddhamClass=\XeTeXcharclass236
\SinhalaArchaicNumbersClass=\XeTeXcharclass237
\SupplementalArrowsCClass=\XeTeXcharclass238
\TirhutaClass=\XeTeXcharclass239
\WarangCitiClass=\XeTeXcharclass240
\CherokeeSupplementClass=\XeTeXcharclass241
\CJKUnifiedIdeographsExtensionEClass=\XeTeXcharclass242
\OldHungarianClass=\XeTeXcharclass243
\SupplementalSymbolsAndPictographsClass=\XeTeXcharclass244
\CyrillicExtendedCClass=\XeTeXcharclass245
\GlagoliticSupplementClass=\XeTeXcharclass246
\IdeographicSymbolsAndPunctuationClass=\XeTeXcharclass247
\MongolianSupplementClass=\XeTeXcharclass248
\CJKUnifiedIdeographsExtensionFClass=\XeTeXcharclass249
\KanaExtendedAClass=\XeTeXcharclass250
\SyriacSupplementClass=\XeTeXcharclass251
\GeorgianExtendedClass=\XeTeXcharclass252
\SmallKanaExtensionClass=\XeTeXcharclass253
\SymbolsAndPictographsExtendedAClass=\XeTeXcharclass254
\CJKUnifiedIdeographsExtensionGClass=\XeTeXcharclass255
\CarianClass=\XeTeXcharclass256
\OldItalicClass=\XeTeXcharclass257
\PhaistosDiscClass=\XeTeXcharclass258
\SupplementaryPrivateUseAreaAClass=\XeTeXcharclass259
\SupplementaryPrivateUseAreaBClass=\XeTeXcharclass260
\OldSouthArabianClass=\XeTeXcharclass261
\OldTurkicClass=\XeTeXcharclass262
\DuployanClass=\XeTeXcharclass263
\OldNorthArabianClass=\XeTeXcharclass264
\ShorthandFormatControlsClass=\XeTeXcharclass265
\AhomClass=\XeTeXcharclass266
\AnatolianHieroglyphsClass=\XeTeXcharclass267
\EarlyDynasticCuneiformClass=\XeTeXcharclass268
\HatranClass=\XeTeXcharclass269
\MultaniClass=\XeTeXcharclass270
\SuttonSignWritingClass=\XeTeXcharclass271
\AdlamClass=\XeTeXcharclass272
\BhaiksukiClass=\XeTeXcharclass273
\MarchenClass=\XeTeXcharclass274
\NewaClass=\XeTeXcharclass275
\OsageClass=\XeTeXcharclass276
\TangutClass=\XeTeXcharclass277
\TangutComponentsClass=\XeTeXcharclass278
\MasaramGondiClass=\XeTeXcharclass279
\NushuClass=\XeTeXcharclass280
\SoyomboClass=\XeTeXcharclass281
\ZanabazarSquareClass=\XeTeXcharclass282
\ChessSymbolsClass=\XeTeXcharclass283
\DograClass=\XeTeXcharclass284
\GunjalaGondiClass=\XeTeXcharclass285
\HanifiRohingyaClass=\XeTeXcharclass286
\IndicSiyaqNumbersClass=\XeTeXcharclass287
\MakasarClass=\XeTeXcharclass288
\MayanNumeralsClass=\XeTeXcharclass289
\MedefaidrinClass=\XeTeXcharclass290
\OldSogdianClass=\XeTeXcharclass291
\SogdianClass=\XeTeXcharclass292
\EgyptianHieroglyphFormatControlsClass=\XeTeXcharclass293
\ElymaicClass=\XeTeXcharclass294
\NandinagariClass=\XeTeXcharclass295
\NyiakengPuachueHmongClass=\XeTeXcharclass296
\OttomanSiyaqNumbersClass=\XeTeXcharclass297
\TamilSupplementClass=\XeTeXcharclass298
\WanchoClass=\XeTeXcharclass299
\ChorasmianClass=\XeTeXcharclass300
\DivesAkuruClass=\XeTeXcharclass301
\KhitanSmallScriptClass=\XeTeXcharclass302
\LisuSupplementClass=\XeTeXcharclass303
\SymbolsForLegacyComputingClass=\XeTeXcharclass304
\TangutSupplementClass=\XeTeXcharclass305
\YezidiClass=\XeTeXcharclass306
)
(/usr/share/texlive/texmf-dist/tex/latex/graphics/graphicx.sty
Package: graphicx 2021/09/16 v1.2d Enhanced LaTeX Graphics (DPC,SPQR)

(/usr/share/texlive/texmf-dist/tex/latex/graphics/keyval.sty
Package: keyval 2014/10/28 v1.15 key=value parser (DPC)
\KV@toks@=\toks18
)
(/usr/share/texlive/texmf-dist/tex/latex/graphics/graphics.sty
Package: graphics 2021/03/04 v1.4d Standard LaTeX Graphics (DPC,SPQR)

(/usr/share/texlive/texmf-dist/tex/latex/graphics/trig.sty
Package: trig 2021/08/11 v1.11 sin cos tan (DPC)
)
(/usr/share/texlive/texmf-dist/tex/latex/graphics-cfg/graphics.cfg
File: graphics.cfg 2016/06/04 v1.11 sample graphics configuration
)
Package graphics Info: Driver file: xetex.def on input line 107.

(/usr/share/texlive/texmf-dist/tex/latex/graphics-def/xetex.def
File: xetex.def 2021/03/18 v5.0k Graphics/color driver for xetex
))
\Gin@req@height=\dimen139
\Gin@req@width=\dimen140
)
(/usr/share/texlive/texmf-dist/tex/latex/adjustbox/adjustbox.sty
Package: adjustbox 2020/08/19 v1.3 Adjusting TeX boxes (trim, clip, ...)

(/usr/share/texlive/texmf-dist/tex/latex/xkeyval/xkeyval.sty
Package: xkeyval 2020/11/20 v2.8 package option processing (HA)

(/usr/share/texlive/texmf-dist/tex/generic/xkeyval/xkeyval.tex
(/usr/share/texlive/texmf-dist/tex/generic/xkeyval/xkvutils.tex
\XKV@toks=\toks19
\XKV@tempa@toks=\toks20
)
\XKV@depth=\count189
File: xkeyval.tex 2014/12/03 v2.7a key=value parser (HA)
))
(/usr/share/texlive/texmf-dist/tex/latex/adjustbox/adjcalc.sty
Package: adjcalc 2012/05/16 v1.1 Provides advanced setlength with multiple back
-ends (calc, etex, pgfmath)
)
(/usr/share/texlive/texmf-dist/tex/latex/adjustbox/trimclip.sty
Package: trimclip 2020/08/19 v1.2 Trim and clip general TeX material

(/usr/share/texlive/texmf-dist/tex/latex/collectbox/collectbox.sty
Package: collectbox 2012/05/17 v0.4b Collect macro arguments as boxes
\collectedbox=\box50
)
\tc@llx=\dimen141
\tc@lly=\dimen142
\tc@urx=\dimen143
\tc@ury=\dimen144
Package trimclip Info: Using driver 'tc-xetex.def'.

(/usr/share/texlive/texmf-dist/tex/latex/adjustbox/tc-xetex.def
File: tc-xetex.def 2019/01/04 v2.2 Clipping driver for xetex
))
\adjbox@Width=\dimen145
\adjbox@Height=\dimen146
\adjbox@Depth=\dimen147
\adjbox@Totalheight=\dimen148
\adjbox@pwidth=\dimen149
\adjbox@pheight=\dimen150
\adjbox@pdepth=\dimen151
\adjbox@ptotalheight=\dimen152

(/usr/share/texlive/texmf-dist/tex/latex/ifoddpage/ifoddpage.sty
Package: ifoddpage 2016/04/23 v1.1 Conditionals for odd/even page detection
\c@checkoddpage=\count190
)
(/usr/share/texlive/texmf-dist/tex/latex/varwidth/varwidth.sty
Package: varwidth 2009/03/30 ver 0.92;  Variable-width minipages
\@vwid@box=\box51
\sift@deathcycles=\count191
\@vwid@loff=\dimen153
\@vwid@roff=\dimen154
))
(/usr/share/texlive/texmf-dist/tex/latex/hyperref/hyperref.sty
Package: hyperref 2021-06-07 v7.00m Hypertext links for LaTeX

(/usr/share/texlive/texmf-dist/tex/generic/ltxcmds/ltxcmds.sty
Package: ltxcmds 2020-05-10 v1.25 LaTeX kernel commands for general use (HO)
)
(/usr/share/texlive/texmf-dist/tex/generic/pdftexcmds/pdftexcmds.sty
Package: pdftexcmds 2020-06-27 v0.33 Utility functions of pdfTeX for LuaTeX (HO
)

(/usr/share/texlive/texmf-dist/tex/generic/infwarerr/infwarerr.sty
Package: infwarerr 2019/12/03 v1.5 Providing info/warning/error messages (HO)
)
Package pdftexcmds Info: \pdf@primitive is available.
Package pdftexcmds Info: \pdf@ifprimitive is available.
Package pdftexcmds Info: \pdfdraftmode not found.
)
(/usr/share/texlive/texmf-dist/tex/generic/kvsetkeys/kvsetkeys.sty
Package: kvsetkeys 2019/12/15 v1.18 Key value parser (HO)
)
(/usr/share/texlive/texmf-dist/tex/generic/kvdefinekeys/kvdefinekeys.sty
Package: kvdefinekeys 2019-12-19 v1.6 Define keys (HO)
)
(/usr/share/texlive/texmf-dist/tex/generic/pdfescape/pdfescape.sty
Package: pdfescape 2019/12/09 v1.15 Implements pdfTeX's escape features (HO)
)
(/usr/share/texlive/texmf-dist/tex/latex/hycolor/hycolor.sty
Package: hycolor 2020-01-27 v1.10 Color options for hyperref/bookmark (HO)
)
(/usr/share/texlive/texmf-dist/tex/latex/letltxmacro/letltxmacro.sty
Package: letltxmacro 2019/12/03 v1.6 Let assignment for LaTeX macros (HO)
)
(/usr/share/texlive/texmf-dist/tex/latex/auxhook/auxhook.sty
Package: auxhook 2019-12-17 v1.6 Hooks for auxiliary files (HO)
)
(/usr/share/texlive/texmf-dist/tex/latex/kvoptions/kvoptions.sty
Package: kvoptions 2020-10-07 v3.14 Key value format for package options (HO)
)
\@linkdim=\dimen155
\Hy@linkcounter=\count192
\Hy@pagecounter=\count193

(/usr/share/texlive/texmf-dist/tex/latex/hyperref/pd1enc.def
File: pd1enc.def 2021-06-07 v7.00m Hyperref: PDFDocEncoding definition (HO)
)
(/usr/share/texlive/texmf-dist/tex/latex/hyperref/hyperref-langpatches.def
File: hyperref-langpatches.def 2021-06-07 v7.00m Hyperref: patches for babel la
nguages
)
(/usr/share/texlive/texmf-dist/tex/generic/intcalc/intcalc.sty
Package: intcalc 2019/12/15 v1.3 Expandable calculations with integers (HO)
)
(/usr/share/texlive/texmf-dist/tex/generic/etexcmds/etexcmds.sty
Package: etexcmds 2019/12/15 v1.7 Avoid name clashes with e-TeX commands (HO)
)
\Hy@SavedSpaceFactor=\count194

(/usr/share/texlive/texmf-dist/tex/latex/hyperref/puenc.def
File: puenc.def 2021-06-07 v7.00m Hyperref: PDF Unicode definition (HO)
)
Package hyperref Info: Hyper figures OFF on input line 4192.
Package hyperref Info: Link nesting OFF on input line 4197.
Package hyperref Info: Hyper index ON on input line 4200.
Package hyperref Info: Plain pages OFF on input line 4207.
Package hyperref Info: Backreferencing OFF on input line 4212.
Package hyperref Info: Implicit mode ON; LaTeX internals redefined.
Package hyperref Info: Bookmarks ON on input line 4445.
\c@Hy@tempcnt=\count195

(/usr/share/texlive/texmf-dist/tex/latex/url/url.sty
\Urlmuskip=\muskip16
Package: url 2013/09/16  ver 3.4  Verb mode for urls, etc.
)
LaTeX Info: Redefining \url on input line 4804.
\XeTeXLinkMargin=\dimen156

(/usr/share/texlive/texmf-dist/tex/generic/bitset/bitset.sty
Package: bitset 2019/12/09 v1.3 Handle bit-vector datatype (HO)

(/usr/share/texlive/texmf-dist/tex/generic/bigintcalc/bigintcalc.sty
Package: bigintcalc 2019/12/15 v1.5 Expandable calculations on big integers (HO
)
))
\Fld@menulength=\count196
\Field@Width=\dimen157
\Fld@charsize=\dimen158
Package hyperref Info: Hyper figures OFF on input line 6076.
Package hyperref Info: Link nesting OFF on input line 6081.
Package hyperref Info: Hyper index ON on input line 6084.
Package hyperref Info: backreferencing OFF on input line 6091.
Package hyperref Info: Link coloring OFF on input line 6096.
Package hyperref Info: Link coloring with OCG OFF on input line 6101.
Package hyperref Info: PDF/A mode OFF on input line 6106.
LaTeX Info: Redefining \ref on input line 6146.
LaTeX Info: Redefining \pageref on input line 6150.

(/usr/share/texlive/texmf-dist/tex/latex/base/atbegshi-ltx.sty
Package: atbegshi-ltx 2021/01/10 v1.0c Emulation of the original atbegshi
package with kernel methods
)
\Hy@abspage=\count197
\c@Item=\count198
\c@Hfootnote=\count199
)
Package hyperref Info: Driver (autodetected): hxetex.

(/usr/share/texlive/texmf-dist/tex/latex/hyperref/hxetex.def
File: hxetex.def 2021-06-07 v7.00m Hyperref driver for XeTeX

(/usr/share/texlive/texmf-dist/tex/generic/stringenc/stringenc.sty
Package: stringenc 2019/11/29 v1.12 Convert strings between diff. encodings (HO
)
)
\pdfm@box=\box52
\c@Hy@AnnotLevel=\count266
\HyField@AnnotCount=\count267
\Fld@listcount=\count268
\c@bookmark@seq@number=\count269

(/usr/share/texlive/texmf-dist/tex/latex/rerunfilecheck/rerunfilecheck.sty
Package: rerunfilecheck 2019/12/05 v1.9 Rerun checks for auxiliary files (HO)

(/usr/share/texlive/texmf-dist/tex/latex/base/atveryend-ltx.sty
Package: atveryend-ltx 2020/08/19 v1.0a Emulation of the original atveryend pac
kage
with kernel methods
)
(/usr/share/texlive/texmf-dist/tex/generic/uniquecounter/uniquecounter.sty
Package: uniquecounter 2019/12/15 v1.4 Provide unlimited unique counter (HO)
)
Package uniquecounter Info: New unique counter `rerunfilecheck' on input line 2
86.
)
\Hy@SectionHShift=\skip49
)
Package hyperref Info: Option `colorlinks' set `true' on input line 9.

(/usr/share/texlive/texmf-dist/tex/latex/amsmath/amsmath.sty
Package: amsmath 2021/10/15 v2.17l AMS math features
\@mathmargin=\skip50

For additional information on amsmath, use the `?' option.
(/usr/share/texlive/texmf-dist/tex/latex/amsmath/amstext.sty
Package: amstext 2021/08/26 v2.01 AMS text

(/usr/share/texlive/texmf-dist/tex/latex/amsmath/amsgen.sty
File: amsgen.sty 1999/11/30 v2.0 generic functions
\@emptytoks=\toks21
\ex@=\dimen159
))
(/usr/share/texlive/texmf-dist/tex/latex/amsmath/amsbsy.sty
Package: amsbsy 1999/11/29 v1.2d Bold Symbols
\pmbraise@=\dimen160
)
(/usr/share/texlive/texmf-dist/tex/latex/amsmath/amsopn.sty
Package: amsopn 2021/08/26 v2.02 operator names
)
\inf@bad=\count270
LaTeX Info: Redefining \frac on input line 234.
\uproot@=\count271
\leftroot@=\count272
LaTeX Info: Redefining \overline on input line 399.
\classnum@=\count273
\DOTSCASE@=\count274
LaTeX Info: Redefining \ldots on input line 496.
LaTeX Info: Redefining \dots on input line 499.
LaTeX Info: Redefining \cdots on input line 620.
\Mathstrutbox@=\box53
\strutbox@=\box54
\big@size=\dimen161
LaTeX Font Info:    Redeclaring font encoding OML on input line 743.
LaTeX Font Info:    Redeclaring font encoding OMS on input line 744.
\macc@depth=\count275
\c@MaxMatrixCols=\count276
\dotsspace@=\muskip17
\c@parentequation=\count277
\dspbrk@lvl=\count278
\tag@help=\toks22
\row@=\count279
\column@=\count280
\maxfields@=\count281
\andhelp@=\toks23
\eqnshift@=\dimen162
\alignsep@=\dimen163
\tagshift@=\dimen164
\tagwidth@=\dimen165
\totwidth@=\dimen166
\lineht@=\dimen167
\@envbody=\toks24
\multlinegap=\skip51
\multlinetaggap=\skip52
\mathdisplay@stack=\toks25
LaTeX Info: Redefining \[ on input line 2938.
LaTeX Info: Redefining \] on input line 2939.
)
(/usr/share/texlive/texmf-dist/tex/latex/amsfonts/amsfonts.sty
Package: amsfonts 2013/01/14 v3.01 Basic AMSFonts support
\symAMSa=\mathgroup4
\symAMSb=\mathgroup5
LaTeX Font Info:    Redeclaring math symbol \hbar on input line 98.
LaTeX Font Info:    Overwriting math alphabet `\mathfrak' in version `bold'
(Font)                  U/euf/m/n --> U/euf/b/n on input line 106.
)
(/usr/share/texlive/texmf-dist/tex/latex/amsfonts/amssymb.sty
Package: amssymb 2013/01/14 v3.01 AMS font symbols
)
(/usr/share/texlive/texmf-dist/tex/latex/mhchem/mhchem.sty
Package: mhchem 2021/12/31 v4.09 for typesetting chemical formulae

(/usr/share/texlive/texmf-dist/tex/latex/l3kernel/expl3.sty
Package: expl3 2022-01-21 L3 programming layer (loader) 

(/usr/share/texlive/texmf-dist/tex/latex/l3backend/l3backend-xetex.def
File: l3backend-xetex.def 2022-01-12 L3 backend support: XeTeX

(|extractbb --version)
\c__kernel_sys_dvipdfmx_version_int=\count282
\l__color_backend_stack_int=\count283
\g__color_backend_stack_int=\count284
\g__graphics_track_int=\count285
\l__pdf_internal_box=\box55
\g__pdf_backend_object_int=\count286
\g__pdf_backend_annotation_int=\count287
\g__pdf_backend_link_int=\count288
))
(/usr/share/texlive/texmf-dist/tex/latex/l3packages/l3keys2e/l3keys2e.sty
Package: l3keys2e 2022-01-12 LaTeX2e option processing using LaTeX3 keys
)
(/usr/share/texlive/texmf-dist/tex/latex/tools/calc.sty
Package: calc 2017/05/25 v4.3 Infix arithmetic (KKT,FJ)
\calc@Acount=\count289
\calc@Bcount=\count290
\calc@Adimen=\dimen168
\calc@Bdimen=\dimen169
\calc@Askip=\skip53
\calc@Bskip=\skip54
LaTeX Info: Redefining \setlength on input line 80.
LaTeX Info: Redefining \addtolength on input line 81.
\calc@Ccount=\count291
\calc@Cskip=\skip55
)
(/usr/share/texlive/texmf-dist/tex/latex/chemgreek/chemgreek.sty
(/usr/share/texlive/texmf-dist/tex/latex/l3packages/xparse/xparse.sty
Package: xparse 2022-01-12 L3 Experimental document command parser
)
Package: chemgreek 2020/01/16 v1.1a interface for upright Greek letters for use
 in chemistry (CN)
\l__chemgreek_tmpa_int=\count292
\g__chemgreek_tmpa_int=\count293
)
\l__mhchem_ce_distanceFromLastComma_int=\count294
\__mhchem_arrow_extPgfLength_skip=\skip56
\mhchem@minispace@tmp=\skip57
\mhchem@minibackspace@tmp=\skip58
\mhchem@bondwidth=\skip59
\mhchem@bondheight=\skip60
\mhchem@smallbondwidth@tmpA=\skip61
\mhchem@smallbondwidth@tmpB=\skip62
\mhchem@smallbondwidth=\skip63
\mhchem@bondtmp@minussidebearingleft=\skip64
\mhchem@bondtmp@minussidebearingright=\skip65
\l__mhchem_option_version_int=\count295
\mhchem@option@minusmathsidebearingleft=\dimen170
\mhchem@option@minusmathsidebearingright=\dimen171
\mhchem@option@minustextsidebearingleft=\dimen172
\mhchem@option@minustextsidebearingright=\dimen173
)
(/usr/share/texlive/texmf-dist/tex/latex/stmaryrd/stmaryrd.sty
Package: stmaryrd 1994/03/03 St Mary's Road symbol package
\symstmry=\mathgroup6
LaTeX Font Info:    Overwriting symbol font `stmry' in version `bold'
(Font)                  U/stmry/m/n --> U/stmry/b/n on input line 89.
)
(/usr/share/texlive/texmf-dist/tex/latex/multirow/multirow.sty
Package: multirow 2021/03/15 v2.8 Span multiple rows of a table
\multirow@colwidth=\skip66
\multirow@cntb=\count296
\multirow@dima=\skip67
\bigstrutjot=\dimen174
)
(/usr/share/texlive/texmf-dist/tex/latex/caption/caption.sty
Package: caption 2020/10/26 v3.5g Customizing captions (AR)

(/usr/share/texlive/texmf-dist/tex/latex/caption/caption3.sty
Package: caption3 2020/10/21 v2.2e caption3 kernel (AR)
\captionmargin=\dimen175
\captionmargin@=\dimen176
\captionwidth=\dimen177
\caption@tempdima=\dimen178
\caption@indent=\dimen179
\caption@parindent=\dimen180
\caption@hangindent=\dimen181
Package caption Info: Standard document class detected.
)
\c@caption@flags=\count297
\c@continuedfloat=\count298
Package caption Info: hyperref package is loaded.
)
(/usr/share/texlive/texmf-dist/tex/xelatex/xecjk/xeCJK.sty
Package: xeCJK 2021/12/12 v3.8.8 Typesetting CJK scripts with XeLaTeX


! LaTeX Error: File `ctexhook.sty' not found.

Type X to quit or <RETURN> to proceed,
or enter new name. (Default extension: sty)

Enter file name: 
! Interruption.
<to be read again> 
                   }
l.55 \prg_new_conditional:Npnn
                               \xeCJK_if_package_loaded:n #1 { p , T , F , T...

? XXX
 
Here is how much of TeX's memory you used:
 13644 strings out of 478114
 230724 string characters out of 5851328
 539176 words of memory out of 5000000
 34131 multiletter control sequences out of 15000+600000
 469627 words of font info for 30 fonts, out of 8000000 for 9000
 14 hyphenation exceptions out of 8191
 69i,0n,117p,383b,82s stack positions out of 5000i,500n,10000p,200000b,80000s
No pages of output.
